c:\users\andre\documents\visual studio 2015\projects\github toc markdown generator\github toc markdown generator\debug\vc140.pdb
c:\users\andre\documents\visual studio 2015\projects\github toc markdown generator\github toc markdown generator\debug\.netframework,version=v4.5.2.assemblyattributes.obj
c:\users\andre\documents\visual studio 2015\projects\github toc markdown generator\github toc markdown generator\debug\.netframework,version=v4.5.2.assemblyattributes.asm
c:\users\andre\documents\visual studio 2015\projects\github toc markdown generator\github toc markdown generator\debug\history.obj
c:\users\andre\documents\visual studio 2015\projects\github toc markdown generator\github toc markdown generator\debug\frmmain.obj
c:\users\andre\documents\visual studio 2015\projects\github toc markdown generator\github toc markdown generator\debug\global.obj
c:\users\andre\documents\visual studio 2015\projects\github toc markdown generator\github toc markdown generator\debug\filemarkdown.obj
c:\users\andre\documents\visual studio 2015\projects\github toc markdown generator\github toc markdown generator\debug\githubtocmarkdowngenerator.frmmain.resources
c:\users\andre\documents\visual studio 2015\projects\github toc markdown generator\debug\github toc markdown generator.exe
c:\users\andre\documents\visual studio 2015\projects\github toc markdown generator\debug\github toc markdown generator.pdb
c:\users\andre\documents\visual studio 2015\projects\github toc markdown generator\github toc markdown generator\debug\github toc markdown generator.res
c:\users\andre\documents\visual studio 2015\projects\github toc markdown generator\github toc markdown generator\debug\github toc markdown generator.vcxproj.generateresource.cache
c:\users\andre\documents\visual studio 2015\projects\github toc markdown generator\github toc markdown generator\debug\github toc markdown generator.vcxprojresolveassemblyreference.cache
c:\users\andre\documents\visual studio 2015\projects\github toc markdown generator\github toc markdown generator\debug\github t.8b618f1c.tlog\cl.command.1.tlog
c:\users\andre\documents\visual studio 2015\projects\github toc markdown generator\github toc markdown generator\debug\github t.8b618f1c.tlog\cl.read.1.tlog
c:\users\andre\documents\visual studio 2015\projects\github toc markdown generator\github toc markdown generator\debug\github t.8b618f1c.tlog\cl.write.1.tlog
c:\users\andre\documents\visual studio 2015\projects\github toc markdown generator\github toc markdown generator\debug\github t.8b618f1c.tlog\github toc markdown generator.write.1u.tlog
c:\users\andre\documents\visual studio 2015\projects\github toc markdown generator\github toc markdown generator\debug\github t.8b618f1c.tlog\link.command.1.tlog
c:\users\andre\documents\visual studio 2015\projects\github toc markdown generator\github toc markdown generator\debug\github t.8b618f1c.tlog\link.read.1.tlog
c:\users\andre\documents\visual studio 2015\projects\github toc markdown generator\github toc markdown generator\debug\github t.8b618f1c.tlog\link.write.1.tlog
c:\users\andre\documents\visual studio 2015\projects\github toc markdown generator\github toc markdown generator\debug\github t.8b618f1c.tlog\metagen.read.1.tlog
c:\users\andre\documents\visual studio 2015\projects\github toc markdown generator\github toc markdown generator\debug\github t.8b618f1c.tlog\metagen.write.1.tlog
c:\users\andre\documents\visual studio 2015\projects\github toc markdown generator\github toc markdown generator\debug\github t.8b618f1c.tlog\rc.command.1.tlog
c:\users\andre\documents\visual studio 2015\projects\github toc markdown generator\github toc markdown generator\debug\github t.8b618f1c.tlog\rc.read.1.tlog
c:\users\andre\documents\visual studio 2015\projects\github toc markdown generator\github toc markdown generator\debug\github t.8b618f1c.tlog\rc.write.1.tlog
c:\users\andre\documents\visual studio 2015\projects\github toc markdown generator\github toc markdown generator\debug\github t.8b618f1c.tlog\rsaenh.dll.bi
c:\users\andre\documents\visual studio 2015\projects\github toc markdown generator\github toc markdown generator\debug\github t.8b618f1c.tlog\tzres.dll.bi
